<?xml version="1.0" encoding="UTF-8"?>
<!-- Generated by org.testng.reporters.JUnitReportReporter -->
<testsuite hostname="EricQius-MacBook-Air.local" name="com.ea.nex.TestSecurityService" tests="1" failures="0" timestamp="10 Mar 2014 08:23:47 GMT" time="0.053" errors="0">
  <testcase name="testChechParameter" time="0.053" classname="com.ea.nex.TestSecurityService"/>
</testsuite> <!-- com.ea.nex.TestSecurityService -->
