<?xml version="1.0" encoding="UTF-8"?>
<!-- Generated by org.testng.reporters.JUnitReportReporter -->
<testsuite hostname="EricQius-MacBook-Air.local" name="com.ea.nex.TestServiceBeanFactory" tests="2" failures="0" timestamp="10 Mar 2014 08:23:49 GMT" time="0.505" errors="0">
  <testcase name="testGetSecurityService" time="0.008" classname="com.ea.nex.TestServiceBeanFactory"/>
  <testcase name="testGetUserService" time="0.497" classname="com.ea.nex.TestServiceBeanFactory"/>
</testsuite> <!-- com.ea.nex.TestServiceBeanFactory -->
