<?xml version="1.0" encoding="UTF-8"?>
<!-- Generated by org.testng.reporters.JUnitReportReporter -->
<testsuite hostname="EricQius-MacBook-Air.local" name="com.ea.nex.TestGetUserServlet" tests="1" failures="0" timestamp="10 Mar 2014 08:23:49 GMT" time="0.028" errors="0">
  <testcase name="testGet" time="0.028" classname="com.ea.nex.TestGetUserServlet"/>
</testsuite> <!-- com.ea.nex.TestGetUserServlet -->
